Started GET "/" for ::1 at 2024-07-28 14:23:15 +0900
Processing by Rails::WelcomeController#index as HTML
  Rendering /Users/shota/.rbenv/versions/3.1.2/lib/ruby/gems/3.1.0/gems/railties-7.0.8.4/lib/rails/templates/rails/welcome/index.html.erb
  Rendered /Users/shota/.rbenv/versions/3.1.2/lib/ruby/gems/3.1.0/gems/railties-7.0.8.4/lib/rails/templates/rails/welcome/index.html.erb (Duration: 1.4ms | Allocations: 636)
Completed 200 OK in 14ms (Views: 4.4ms | ActiveRecord: 0.0ms | Allocations: 7122)


Started GET "/" for ::1 at 2024-07-28 14:23:38 +0900
Processing by Rails::WelcomeController#index as HTML
  Rendering /Users/shota/.rbenv/versions/3.1.2/lib/ruby/gems/3.1.0/gems/railties-7.0.8.4/lib/rails/templates/rails/welcome/index.html.erb
  Rendered /Users/shota/.rbenv/versions/3.1.2/lib/ruby/gems/3.1.0/gems/railties-7.0.8.4/lib/rails/templates/rails/welcome/index.html.erb (Duration: 2.7ms | Allocations: 296)
Completed 200 OK in 6ms (Views: 4.7ms | ActiveRecord: 0.0ms | Allocations: 1084)


Started GET "/" for ::1 at 2024-07-28 14:39:33 +0900
Processing by Rails::WelcomeController#index as HTML
  Rendering /Users/shota/.rbenv/versions/3.1.2/lib/ruby/gems/3.1.0/gems/railties-7.0.8.4/lib/rails/templates/rails/welcome/index.html.erb
  Rendered /Users/shota/.rbenv/versions/3.1.2/lib/ruby/gems/3.1.0/gems/railties-7.0.8.4/lib/rails/templates/rails/welcome/index.html.erb (Duration: 0.6ms | Allocations: 296)
Completed 200 OK in 2ms (Views: 1.2ms | ActiveRecord: 0.0ms | Allocations: 1083)


  [1m[35m (0.5ms)[0m  [1m[35mCREATE TABLE "schema_migrations" ("version" varchar NOT NULL PRIMARY KEY)[0m
  [1m[35m (0.4ms)[0m  [1m[35mCREATE TABLE "ar_internal_metadata" ("key" varchar NOT NULL PRIMARY KEY, "value" varchar, "created_at" datetime(6) NOT NULL, "updated_at" datetime(6) NOT NULL)[0m
  [1m[36mActiveRecord::SchemaMigration Pluck (0.0ms)[0m  [1m[34mSELECT "schema_migrations"."version" FROM "schema_migrations" ORDER BY "schema_migrations"."version" ASC[0m
Migrating to CreatePosts (20240728101558)
  [1m[36mTRANSACTION (0.0ms)[0m  [1m[36mbegin transaction[0m
  [1m[35m (0.2ms)[0m  [1m[35mCREATE TABLE "posts" ("id" integer PRIMARY KEY AUTOINCREMENT NOT NULL, "name" varchar, "created_at" datetime(6) NOT NULL, "updated_at" datetime(6) NOT NULL)[0m
  [1m[36mActiveRecord::SchemaMigration Create (0.1ms)[0m  [1m[32mINSERT INTO "schema_migrations" ("version") VALUES (?)[0m  [["version", "20240728101558"]]
  [1m[36mTRANSACTION (0.5ms)[0m  [1m[36mcommit transaction[0m
  [1m[36mActiveRecord::InternalMetadata Load (0.1ms)[0m  [1m[34mSELECT "ar_internal_metadata".* FROM "ar_internal_metadata" WHERE "ar_internal_metadata"."key" = ? LIMIT ?[0m  [["key", "environment"], ["LIMIT", 1]]
  [1m[36mTRANSACTION (0.0ms)[0m  [1m[36mbegin transaction[0m
  [1m[36mActiveRecord::InternalMetadata Create (0.2ms)[0m  [1m[32mINSERT INTO "ar_internal_metadata" ("key", "value", "created_at", "updated_at") VALUES (?, ?, ?, ?)[0m  [["key", "environment"], ["value", "development"], ["created_at", "2024-07-28 10:24:53.039895"], ["updated_at", "2024-07-28 10:24:53.039895"]]
  [1m[36mTRANSACTION (0.3ms)[0m  [1m[36mcommit transaction[0m
  [1m[36mActiveRecord::SchemaMigration Pluck (0.0ms)[0m  [1m[34mSELECT "schema_migrations"."version" FROM "schema_migrations" ORDER BY "schema_migrations"."version" ASC[0m
  [1m[35m (1.8ms)[0m  [1m[35mCREATE DATABASE `db/development`.`sqlite3` DEFAULT CHARACTER SET `utf8mb4`[0m
  [1m[35m (25.8ms)[0m  [1m[35mCREATE DATABASE `mysql2` DEFAULT CHARACTER SET `utf8mb4`[0m
  [1m[35m (0.8ms)[0m  [1m[35mCREATE DATABASE `mysql2` DEFAULT CHARACTER SET `utf8mb4`[0m
  [1m[35m (10.3ms)[0m  [1m[35mCREATE TABLE `schema_migrations` (`version` varchar(255) NOT NULL PRIMARY KEY)[0m
  [1m[35m (2.6ms)[0m  [1m[35mCREATE TABLE `ar_internal_metadata` (`key` varchar(255) NOT NULL PRIMARY KEY, `value` varchar(255), `created_at` datetime(6) NOT NULL, `updated_at` datetime(6) NOT NULL)[0m
  [1m[35m (0.2ms)[0m  [1m[34mSELECT GET_LOCK('7589571156664414155', 0)[0m
  [1m[36mActiveRecord::SchemaMigration Pluck (2.0ms)[0m  [1m[34mSELECT `schema_migrations`.`version` FROM `schema_migrations` ORDER BY `schema_migrations`.`version` ASC[0m
Migrating to CreatePosts (20240728101558)
  [1m[35m (5.5ms)[0m  [1m[35mCREATE TABLE `posts` (`id` bigint NOT NULL AUTO_INCREMENT PRIMARY KEY, `name` varchar(255), `created_at` datetime(6) NOT NULL, `updated_at` datetime(6) NOT NULL)[0m
  [1m[36mTRANSACTION (0.1ms)[0m  [1m[35mBEGIN[0m
  [1m[36mActiveRecord::SchemaMigration Create (1.0ms)[0m  [1m[32mINSERT INTO `schema_migrations` (`version`) VALUES ('20240728101558')[0m
  [1m[36mTRANSACTION (0.4ms)[0m  [1m[35mCOMMIT[0m
  [1m[36mActiveRecord::InternalMetadata Load (0.5ms)[0m  [1m[34mSELECT `ar_internal_metadata`.* FROM `ar_internal_metadata` WHERE `ar_internal_metadata`.`key` = 'environment' LIMIT 1[0m
  [1m[36mTRANSACTION (0.1ms)[0m  [1m[35mBEGIN[0m
  [1m[36mActiveRecord::InternalMetadata Create (0.2ms)[0m  [1m[32mINSERT INTO `ar_internal_metadata` (`key`, `value`, `created_at`, `updated_at`) VALUES ('environment', 'development', '2024-07-28 10:47:03.971320', '2024-07-28 10:47:03.971320')[0m
  [1m[36mTRANSACTION (0.3ms)[0m  [1m[35mCOMMIT[0m
  [1m[35m (0.2ms)[0m  [1m[34mSELECT RELEASE_LOCK('7589571156664414155')[0m
  [1m[36mActiveRecord::SchemaMigration Pluck (0.2ms)[0m  [1m[34mSELECT `schema_migrations`.`version` FROM `schema_migrations` ORDER BY `schema_migrations`.`version` ASC[0m
